2025-07-24 14:59:34 | INFO     | utils.logger:setup_logger:57 - æ—¥å¿—ç³»ç»Ÿåˆå§‹åŒ–å®Œæˆï¼Œæ—¥å¿—çº§åˆ«: DEBUG
2025-07-24 14:59:34 | INFO     | __main__:__init__:45 - æ­£åœ¨è¿æ¥è®¾å¤‡ï¼Œè¿æ¥æ–¹å¼: simulation
2025-07-24 14:59:34 | INFO     | core.device_connector:_setup_simulation:141 - æ¨¡æ‹ŸåŒºåŸŸå·²ç¼©æ”¾: (193, 56, 1341, 1005)
2025-07-24 14:59:34 | INFO     | __main__:__init__:50 - è®¾å¤‡è¿æ¥æˆåŠŸ
2025-07-24 14:59:41 | INFO     | __main__:take_screenshot:62 - æ­£åœ¨è·å–å±å¹•æˆªå›¾...
2025-07-24 14:59:42 | INFO     | __main__:take_screenshot:76 - æˆªå›¾å·²ä¿å­˜: /Users/liuweigang/sgzAss/resources/screenshots/screenshot_20250724_145942.png
2025-07-24 14:59:45 | INFO     | __main__:show_screenshot:104 - æŒ‰ 'q' é”®å…³é—­çª—å£ï¼ŒæŒ‰ 's' é”®ä¿å­˜é€‰åŒºä¸ºæ¨¡æ¿
2025-07-24 14:59:49 | INFO     | __main__:_mouse_callback:150 - å·²é€‰æ‹©åŒºåŸŸ: (415, 514, 0, 0)
2025-07-24 15:00:23 | INFO     | __main__:_mouse_callback:150 - å·²é€‰æ‹©åŒºåŸŸ: (285, 583, 0, 0)
2025-07-24 15:00:23 | INFO     | __main__:_mouse_callback:150 - å·²é€‰æ‹©åŒºåŸŸ: (285, 583, 0, 0)
2025-07-24 15:00:24 | INFO     | __main__:_mouse_callback:150 - å·²é€‰æ‹©åŒºåŸŸ: (285, 583, 0, 0)
2025-07-24 15:00:24 | INFO     | __main__:_mouse_callback:155 - å·²å–æ¶ˆä¿å­˜æ¨¡æ¿
2025-07-24 15:00:24 | INFO     | __main__:_mouse_callback:150 - å·²é€‰æ‹©åŒºåŸŸ: (285, 583, 0, 0)
2025-07-24 15:00:25 | INFO     | __main__:_mouse_callback:155 - å·²å–æ¶ˆä¿å­˜æ¨¡æ¿
2025-07-24 15:00:26 | INFO     | __main__:_mouse_callback:150 - å·²é€‰æ‹©åŒºåŸŸ: (28, 583, 0, 0)
2025-07-24 15:00:27 | INFO     | __main__:_mouse_callback:155 - å·²å–æ¶ˆä¿å­˜æ¨¡æ¿
2025-07-24 15:00:27 | INFO     | __main__:run:221 - æ¥æ”¶åˆ°ç»ˆæ­¢ä¿¡å·ï¼Œæ­£åœ¨é€€å‡º...
2025-07-24 15:00:27 | INFO     | core.device_connector:disconnect:163 - å·²æ–­å¼€è®¾å¤‡è¿æ¥
2025-07-24 15:00:27 | INFO     | __main__:run:225 - è®¾å¤‡å·²æ–­å¼€è¿æ¥
2025-07-24 15:00:50 | INFO     | utils.logger:setup_logger:57 - æ—¥å¿—ç³»ç»Ÿåˆå§‹åŒ–å®Œæˆï¼Œæ—¥å¿—çº§åˆ«: DEBUG
2025-07-24 15:00:50 | INFO     | __main__:__init__:45 - æ­£åœ¨è¿æ¥è®¾å¤‡ï¼Œè¿æ¥æ–¹å¼: simulation
2025-07-24 15:00:50 | INFO     | core.device_connector:_setup_simulation:141 - æ¨¡æ‹ŸåŒºåŸŸå·²ç¼©æ”¾: (193, 56, 1341, 1005)
2025-07-24 15:00:50 | INFO     | __main__:__init__:50 - è®¾å¤‡è¿æ¥æˆåŠŸ
2025-07-24 15:00:56 | INFO     | __main__:take_screenshot:62 - æ­£åœ¨è·å–å±å¹•æˆªå›¾...
2025-07-24 15:00:56 | INFO     | __main__:take_screenshot:76 - æˆªå›¾å·²ä¿å­˜: /Users/liuweigang/sgzAss/resources/screenshots/screenshot_20250724_150056.png
2025-07-24 15:00:58 | INFO     | __main__:show_screenshot:104 - æŒ‰ 'q' é”®å…³é—­çª—å£ï¼ŒæŒ‰ 's' é”®ä¿å­˜é€‰åŒºä¸ºæ¨¡æ¿
2025-07-24 15:01:29 | INFO     | core.device_connector:disconnect:163 - å·²æ–­å¼€è®¾å¤‡è¿æ¥
2025-07-24 15:01:29 | INFO     | __main__:run:225 - è®¾å¤‡å·²æ–­å¼€è¿æ¥
2025-07-24 15:21:14 | INFO     | utils.logger:setup_logger:57 - æ—¥å¿—ç³»ç»Ÿåˆå§‹åŒ–å®Œæˆï¼Œæ—¥å¿—çº§åˆ«: DEBUG
2025-07-24 15:21:14 | INFO     | __main__:__init__:45 - æ­£åœ¨è¿æ¥è®¾å¤‡ï¼Œè¿æ¥æ–¹å¼: simulation
2025-07-24 15:21:14 | INFO     | core.device_connector:_setup_simulation:142 - æ¨¡æ‹ŸåŒºåŸŸå·²ç¼©æ”¾: (193, 56, 1341, 1005)
2025-07-24 15:21:14 | INFO     | __main__:__init__:50 - è®¾å¤‡è¿æ¥æˆåŠŸ
2025-07-24 15:21:24 | INFO     | __main__:take_screenshot:62 - æ­£åœ¨è·å–å±å¹•æˆªå›¾...
2025-07-24 15:21:24 | DEBUG    | core.device_connector:_get_screenshot_simulation:305 - æˆåŠŸè·å–æ¨¡æ‹Ÿæˆªå›¾ï¼Œå°ºå¯¸: 1341x1005
2025-07-24 15:21:24 | INFO     | __main__:take_screenshot:76 - æˆªå›¾å·²ä¿å­˜: /Users/liuweigang/sgzAss/resources/screenshots/screenshot_20250724_152124.png
2025-07-24 15:21:27 | INFO     | __main__:show_screenshot:104 - æŒ‰ 'q' é”®å…³é—­çª—å£ï¼ŒæŒ‰ 's' é”®ä¿å­˜é€‰åŒºä¸ºæ¨¡æ¿
2025-07-24 15:21:32 | INFO     | __main__:_mouse_callback:150 - å·²é€‰æ‹©åŒºåŸŸ: (292, 349, 121, 325)
2025-07-24 15:21:37 | WARNING  | __main__:_save_template:180 - æ¨¡æ¿åç§° test ä¸åœ¨é¢„å®šä¹‰åˆ—è¡¨ä¸­
2025-07-24 15:21:37 | INFO     | __main__:_save_template:189 - å·²ä¿å­˜æ¨¡æ¿: test (121x325) åˆ° /Users/liuweigang/sgzAss/resources/templates/test.png
2025-07-24 15:21:53 | INFO     | __main__:_mouse_callback:150 - å·²é€‰æ‹©åŒºåŸŸ: (576, 384, 100, 199)
2025-07-24 15:21:57 | INFO     | __main__:_mouse_callback:155 - å·²å–æ¶ˆä¿å­˜æ¨¡æ¿
2025-07-24 15:22:10 | INFO     | __main__:_mouse_callback:150 - å·²é€‰æ‹©åŒºåŸŸ: (104, 104, 157, 450)
2025-07-24 15:22:10 | INFO     | __main__:_mouse_callback:155 - å·²å–æ¶ˆä¿å­˜æ¨¡æ¿
2025-07-24 15:22:19 | INFO     | __main__:_mouse_callback:150 - å·²é€‰æ‹©åŒºåŸŸ: (208, 631, 560, 176)
2025-07-24 15:22:19 | INFO     | __main__:_mouse_callback:155 - å·²å–æ¶ˆä¿å­˜æ¨¡æ¿
2025-07-24 15:22:20 | INFO     | __main__:_mouse_callback:150 - å·²é€‰æ‹©åŒºåŸŸ: (320, 429, 419, 127)
2025-07-24 15:22:20 | INFO     | __main__:_mouse_callback:155 - å·²å–æ¶ˆä¿å­˜æ¨¡æ¿
2025-07-24 15:22:21 | INFO     | __main__:_mouse_callback:150 - å·²é€‰æ‹©åŒºåŸŸ: (526, 200, 391, 186)
2025-07-24 15:22:21 | INFO     | __main__:_mouse_callback:155 - å·²å–æ¶ˆä¿å­˜æ¨¡æ¿
2025-07-24 15:22:22 | INFO     | __main__:_mouse_callback:150 - å·²é€‰æ‹©åŒºåŸŸ: (594, 552, 283, 103)
2025-07-24 15:22:25 | INFO     | __main__:_mouse_callback:155 - å·²å–æ¶ˆä¿å­˜æ¨¡æ¿
2025-07-24 15:22:28 | INFO     | __main__:_mouse_callback:150 - å·²é€‰æ‹©åŒºåŸŸ: (386, 330, 222, 194)
2025-07-24 15:22:28 | INFO     | __main__:_mouse_callback:155 - å·²å–æ¶ˆä¿å­˜æ¨¡æ¿
2025-07-24 15:22:29 | INFO     | __main__:_mouse_callback:150 - å·²é€‰æ‹©åŒºåŸŸ: (305, 208, 138, 221)
2025-07-24 15:22:29 | INFO     | __main__:_mouse_callback:155 - å·²å–æ¶ˆä¿å­˜æ¨¡æ¿
2025-07-24 15:22:30 | INFO     | __main__:_mouse_callback:150 - å·²é€‰æ‹©åŒºåŸŸ: (821, 498, 14, 205)
2025-07-24 15:22:30 | INFO     | __main__:_mouse_callback:155 - å·²å–æ¶ˆä¿å­˜æ¨¡æ¿
2025-07-24 15:22:30 | INFO     | __main__:_mouse_callback:150 - å·²é€‰æ‹©åŒºåŸŸ: (607, 474, 245, 146)
2025-07-24 15:22:30 | INFO     | __main__:_mouse_callback:155 - å·²å–æ¶ˆä¿å­˜æ¨¡æ¿
2025-07-24 15:22:30 | INFO     | __main__:_mouse_callback:150 - å·²é€‰æ‹©åŒºåŸŸ: (308, 631, 89, 60)
2025-07-24 15:22:30 | INFO     | __main__:_mouse_callback:155 - å·²å–æ¶ˆä¿å­˜æ¨¡æ¿
2025-07-24 15:22:31 | INFO     | __main__:_mouse_callback:150 - å·²é€‰æ‹©åŒºåŸŸ: (419, 365, 354, 28)
2025-07-24 15:22:31 | INFO     | __main__:_mouse_callback:155 - å·²å–æ¶ˆä¿å­˜æ¨¡æ¿
2025-07-24 15:22:31 | INFO     | __main__:_mouse_callback:150 - å·²é€‰æ‹©åŒºåŸŸ: (575, 303, 196, 137)
2025-07-24 15:22:36 | WARNING  | __main__:_save_template:180 - æ¨¡æ¿åç§°  ä¸åœ¨é¢„å®šä¹‰åˆ—è¡¨ä¸­
2025-07-24 15:22:36 | INFO     | __main__:_save_template:189 - å·²ä¿å­˜æ¨¡æ¿:  (196x137) åˆ° /Users/liuweigang/sgzAss/resources/templates/.png
2025-07-24 15:22:42 | INFO     | __main__:_mouse_callback:150 - å·²é€‰æ‹©åŒºåŸŸ: (939, 646, 150, 117)
2025-07-24 15:22:45 | INFO     | __main__:_mouse_callback:155 - å·²å–æ¶ˆä¿å­˜æ¨¡æ¿
2025-07-24 15:22:47 | INFO     | __main__:run:221 - æ¥æ”¶åˆ°ç»ˆæ­¢ä¿¡å·ï¼Œæ­£åœ¨é€€å‡º...
2025-07-24 15:22:47 | INFO     | core.device_connector:disconnect:164 - å·²æ–­å¼€è®¾å¤‡è¿æ¥
2025-07-24 15:22:47 | INFO     | __main__:run:225 - è®¾å¤‡å·²æ–­å¼€è¿æ¥
